<?xml version="1.0" encoding="UTF-8"?>
<robot generator="Robot 7.3.2 (Python 3.13.5 on win32)" generated="2025-11-13T15:41:16.181460" rpa="false" schemaversion="5">
<suite id="s1" name="Tests" source="C:\Users\KauriVahter\Documents\GitHub\palautusrepositorio\viikko3\login\src\tests">
<suite id="s1-s1" name="Home" source="C:\Users\KauriVahter\Documents\GitHub\palautusrepositorio\viikko3\login\src\tests\home.robot">
<kw name="Open And Configure Browser" owner="resource" type="SETUP">
<if>
<branch type="IF" condition="$BROWSER == 'chrome'">
<kw name="Evaluate" owner="BuiltIn">
<msg time="2025-11-13T15:41:16.583602" level="INFO">${options} = &lt;selenium.webdriver.chrome.options.Options object at 0x0000023C5B6E7230&gt;</msg>
<var>${options}</var>
<arg>sys.modules['selenium.webdriver'].ChromeOptions()</arg>
<arg>sys</arg>
<doc>Evaluates the given expression in Python and returns the result.</doc>
<status status="PASS" start="2025-11-13T15:41:16.583227" elapsed="0.000426"/>
</kw>
<kw name="Call Method" owner="BuiltIn">
<arg>${options}</arg>
<arg>add_argument</arg>
<arg>--incognito</arg>
<doc>Calls the named method of the given object with the provided arguments.</doc>
<status status="PASS" start="2025-11-13T15:41:16.583826" elapsed="0.000169"/>
</kw>
<status status="PASS" start="2025-11-13T15:41:16.581860" elapsed="0.002200"/>
</branch>
<branch type="ELSE IF" condition="$BROWSER == 'firefox'">
<kw name="Evaluate" owner="BuiltIn">
<var>${options}</var>
<arg>sys.modules['selenium.webdriver'].FirefoxOptions()</arg>
<arg>sys</arg>
<doc>Evaluates the given expression in Python and returns the result.</doc>
<status status="NOT RUN" start="2025-11-13T15:41:16.584234" elapsed="0.000028"/>
</kw>
<kw name="Call Method" owner="BuiltIn">
<arg>${options}</arg>
<arg>add_argument</arg>
<arg>--private-window</arg>
<doc>Calls the named method of the given object with the provided arguments.</doc>
<status status="NOT RUN" start="2025-11-13T15:41:16.584364" elapsed="0.000027"/>
</kw>
<status status="NOT RUN" start="2025-11-13T15:41:16.584115" elapsed="0.000322"/>
</branch>
<status status="PASS" start="2025-11-13T15:41:16.581786" elapsed="0.002695"/>
</if>
<if>
<branch type="IF" condition="$HEADLESS == 'true'">
<kw name="Set Selenium Speed" owner="SeleniumLibrary">
<arg>0.05 seconds</arg>
<doc>Sets the delay that is waited after each Selenium command.</doc>
<status status="PASS" start="2025-11-13T15:41:16.584766" elapsed="0.000228"/>
</kw>
<kw name="Call Method" owner="BuiltIn">
<arg>${options}</arg>
<arg>add_argument</arg>
<arg>--headless</arg>
<doc>Calls the named method of the given object with the provided arguments.</doc>
<status status="PASS" start="2025-11-13T15:41:16.585107" elapsed="0.000149"/>
</kw>
<status status="PASS" start="2025-11-13T15:41:16.584563" elapsed="0.000744"/>
</branch>
<branch type="ELSE">
<kw name="Set Selenium Speed" owner="SeleniumLibrary">
<arg>${DELAY}</arg>
<doc>Sets the delay that is waited after each Selenium command.</doc>
<status status="NOT RUN" start="2025-11-13T15:41:16.585448" elapsed="0.000027"/>
</kw>
<status status="NOT RUN" start="2025-11-13T15:41:16.585347" elapsed="0.000168"/>
</branch>
<status status="PASS" start="2025-11-13T15:41:16.584529" elapsed="0.001018"/>
</if>
<kw name="Open Browser" owner="SeleniumLibrary">
<msg time="2025-11-13T15:41:16.585914" level="INFO">Opening browser 'chrome' to base url 'None'.</msg>
<arg>browser=${BROWSER}</arg>
<arg>options=${options}</arg>
<doc>Opens a new browser instance to the optional ``url``.</doc>
<status status="PASS" start="2025-11-13T15:41:16.585655" elapsed="1.371791"/>
</kw>
<status status="PASS" start="2025-11-13T15:41:16.581280" elapsed="1.376389"/>
</kw>
<test id="s1-s1-t1" name="Click Login Link" line="8">
<kw name="Reset Application And Go To Starting Page" type="SETUP">
<kw name="Reset Application" owner="AppLibrary">
<status status="PASS" start="2025-11-13T15:41:17.959521" elapsed="2.045519"/>
</kw>
<kw name="Go To Starting Page" owner="resource">
<kw name="Go To" owner="SeleniumLibrary">
<msg time="2025-11-13T15:41:20.006692" level="INFO">Opening url 'http://localhost:5001'</msg>
<arg>${HOME_URL}</arg>
<doc>Navigates the current browser window to the provided ``url``.</doc>
<status status="PASS" start="2025-11-13T15:41:20.006483" elapsed="0.415333"/>
</kw>
<status status="PASS" start="2025-11-13T15:41:20.005961" elapsed="0.416010"/>
</kw>
<status status="PASS" start="2025-11-13T15:41:17.958866" elapsed="2.463171"/>
</kw>
<kw name="Click Link" owner="SeleniumLibrary">
<msg time="2025-11-13T15:41:20.422925" level="INFO">Clicking link 'Login'.</msg>
<arg>Login</arg>
<doc>Clicks a link identified by ``locator``.</doc>
<status status="PASS" start="2025-11-13T15:41:20.422478" elapsed="0.356239"/>
</kw>
<kw name="Login Page Should Be Open" owner="resource">
<kw name="Title Should Be" owner="SeleniumLibrary">
<msg time="2025-11-13T15:41:20.838956" level="INFO">Page title is 'Login'.</msg>
<arg>Login</arg>
<doc>Verifies that the current page title equals ``title``.</doc>
<status status="PASS" start="2025-11-13T15:41:20.781497" elapsed="0.057676"/>
</kw>
<status status="PASS" start="2025-11-13T15:41:20.781017" elapsed="0.058324"/>
</kw>
<status status="PASS" start="2025-11-13T15:41:17.957812" elapsed="2.882143"/>
</test>
<test id="s1-s1-t2" name="Click Register Link" line="12">
<kw name="Reset Application And Go To Starting Page" type="SETUP">
<kw name="Reset Application" owner="AppLibrary">
<status status="PASS" start="2025-11-13T15:41:20.843184" elapsed="2.028704"/>
</kw>
<kw name="Go To Starting Page" owner="resource">
<kw name="Go To" owner="SeleniumLibrary">
<msg time="2025-11-13T15:41:22.872711" level="INFO">Opening url 'http://localhost:5001'</msg>
<arg>${HOME_URL}</arg>
<doc>Navigates the current browser window to the provided ``url``.</doc>
<status status="PASS" start="2025-11-13T15:41:22.872532" elapsed="0.097891"/>
</kw>
<status status="PASS" start="2025-11-13T15:41:22.872189" elapsed="0.098500"/>
</kw>
<status status="PASS" start="2025-11-13T15:41:20.842729" elapsed="2.128078"/>
</kw>
<kw name="Click Link" owner="SeleniumLibrary">
<msg time="2025-11-13T15:41:22.972350" level="INFO">Clicking link 'Register new user'.</msg>
<arg>Register new user</arg>
<doc>Clicks a link identified by ``locator``.</doc>
<status status="PASS" start="2025-11-13T15:41:22.971701" elapsed="0.599981"/>
</kw>
<kw name="Register Page Should Be Open" owner="resource">
<kw name="Title Should Be" owner="SeleniumLibrary">
<msg time="2025-11-13T15:41:23.635651" level="INFO">Page title is 'Register'.</msg>
<arg>Register</arg>
<doc>Verifies that the current page title equals ``title``.</doc>
<status status="PASS" start="2025-11-13T15:41:23.573130" elapsed="0.062795"/>
</kw>
<status status="PASS" start="2025-11-13T15:41:23.572417" elapsed="0.063728"/>
</kw>
<status status="PASS" start="2025-11-13T15:41:20.841406" elapsed="2.795617"/>
</test>
<kw name="Close Browser" owner="SeleniumLibrary" type="TEARDOWN">
<doc>Closes the current browser.</doc>
<status status="PASS" start="2025-11-13T15:41:23.639958" elapsed="2.181549"/>
</kw>
<status status="PASS" start="2025-11-13T15:41:16.220065" elapsed="9.601602"/>
</suite>
<suite id="s1-s2" name="Login" source="C:\Users\KauriVahter\Documents\GitHub\palautusrepositorio\viikko3\login\src\tests\login.robot">
<kw name="Open And Configure Browser" owner="resource" type="SETUP">
<if>
<branch type="IF" condition="$BROWSER == 'chrome'">
<kw name="Evaluate" owner="BuiltIn">
<msg time="2025-11-13T15:41:25.831458" level="INFO">${options} = &lt;selenium.webdriver.chrome.options.Options object at 0x0000023C5B09E850&gt;</msg>
<var>${options}</var>
<arg>sys.modules['selenium.webdriver'].ChromeOptions()</arg>
<arg>sys</arg>
<doc>Evaluates the given expression in Python and returns the result.</doc>
<status status="PASS" start="2025-11-13T15:41:25.831099" elapsed="0.000406"/>
</kw>
<kw name="Call Method" owner="BuiltIn">
<arg>${options}</arg>
<arg>add_argument</arg>
<arg>--incognito</arg>
<doc>Calls the named method of the given object with the provided arguments.</doc>
<status status="PASS" start="2025-11-13T15:41:25.831662" elapsed="0.000177"/>
</kw>
<status status="PASS" start="2025-11-13T15:41:25.830798" elapsed="0.001349"/>
</branch>
<branch type="ELSE IF" condition="$BROWSER == 'firefox'">
<kw name="Evaluate" owner="BuiltIn">
<var>${options}</var>
<arg>sys.modules['selenium.webdriver'].FirefoxOptions()</arg>
<arg>sys</arg>
<doc>Evaluates the given expression in Python and returns the result.</doc>
<status status="NOT RUN" start="2025-11-13T15:41:25.832367" elapsed="0.000038"/>
</kw>
<kw name="Call Method" owner="BuiltIn">
<arg>${options}</arg>
<arg>add_argument</arg>
<arg>--private-window</arg>
<doc>Calls the named method of the given object with the provided arguments.</doc>
<status status="NOT RUN" start="2025-11-13T15:41:25.832535" elapsed="0.000034"/>
</kw>
<status status="NOT RUN" start="2025-11-13T15:41:25.832216" elapsed="0.000429"/>
</branch>
<status status="PASS" start="2025-11-13T15:41:25.830762" elapsed="0.001938"/>
</if>
<if>
<branch type="IF" condition="$HEADLESS == 'true'">
<kw name="Set Selenium Speed" owner="SeleniumLibrary">
<arg>0.05 seconds</arg>
<doc>Sets the delay that is waited after each Selenium command.</doc>
<status status="PASS" start="2025-11-13T15:41:25.833019" elapsed="0.000270"/>
</kw>
<kw name="Call Method" owner="BuiltIn">
<arg>${options}</arg>
<arg>add_argument</arg>
<arg>--headless</arg>
<doc>Calls the named method of the given object with the provided arguments.</doc>
<status status="PASS" start="2025-11-13T15:41:25.833422" elapsed="0.000178"/>
</kw>
<status status="PASS" start="2025-11-13T15:41:25.832777" elapsed="0.000884"/>
</branch>
<branch type="ELSE">
<kw name="Set Selenium Speed" owner="SeleniumLibrary">
<arg>${DELAY}</arg>
<doc>Sets the delay that is waited after each Selenium command.</doc>
<status status="NOT RUN" start="2025-11-13T15:41:25.833829" elapsed="0.000033"/>
</kw>
<status status="NOT RUN" start="2025-11-13T15:41:25.833710" elapsed="0.000199"/>
</branch>
<status status="PASS" start="2025-11-13T15:41:25.832756" elapsed="0.001195"/>
</if>
<kw name="Open Browser" owner="SeleniumLibrary">
<msg time="2025-11-13T15:41:25.834363" level="INFO">Opening browser 'chrome' to base url 'None'.</msg>
<arg>browser=${BROWSER}</arg>
<arg>options=${options}</arg>
<doc>Opens a new browser instance to the optional ``url``.</doc>
<status status="PASS" start="2025-11-13T15:41:25.834078" elapsed="1.321666"/>
</kw>
<status status="PASS" start="2025-11-13T15:41:25.830473" elapsed="1.325578"/>
</kw>
<test id="s1-s2-t1" name="Login With Correct Credentials" line="8">
<kw name="Reset Application Create User And Go To Login Page" type="SETUP">
<kw name="Reset Application" owner="AppLibrary">
<status status="PASS" start="2025-11-13T15:41:27.157891" elapsed="2.060340"/>
</kw>
<kw name="Create User" owner="AppLibrary">
<arg>kalle</arg>
<arg>kalle123</arg>
<status status="PASS" start="2025-11-13T15:41:29.218410" elapsed="4.108908"/>
</kw>
<kw name="Go To Login Page" owner="resource">
<kw name="Go To" owner="SeleniumLibrary">
<msg time="2025-11-13T15:41:33.328146" level="INFO">Opening url 'http://localhost:5001/login'</msg>
<arg>${LOGIN_URL}</arg>
<doc>Navigates the current browser window to the provided ``url``.</doc>
<status status="PASS" start="2025-11-13T15:41:33.327955" elapsed="0.441516"/>
</kw>
<status status="PASS" start="2025-11-13T15:41:33.327610" elapsed="0.442040"/>
</kw>
<status status="PASS" start="2025-11-13T15:41:27.157499" elapsed="6.612220"/>
</kw>
<kw name="Set Username">
<kw name="Input Text" owner="SeleniumLibrary">
<msg time="2025-11-13T15:41:33.771001" level="INFO">Typing text 'kalle' into text field 'username'.</msg>
<arg>username</arg>
<arg>${username}</arg>
<doc>Types the given ``text`` into the text field identified by ``locator``.</doc>
<status status="PASS" start="2025-11-13T15:41:33.770716" elapsed="0.299193"/>
</kw>
<arg>kalle</arg>
<status status="PASS" start="2025-11-13T15:41:33.770153" elapsed="0.300013"/>
</kw>
<kw name="Set Password">
<kw name="Input Password" owner="SeleniumLibrary">
<msg time="2025-11-13T15:41:34.072571" level="INFO">Typing password into text field 'password'.</msg>
<msg time="2025-11-13T15:41:34.217865" level="INFO">Temporally setting log level to: NONE</msg>
<arg>password</arg>
<arg>${password}</arg>
<doc>Types the given password into the text field identified by ``locator``.</doc>
<status status="PASS" start="2025-11-13T15:41:34.071860" elapsed="0.330118"/>
</kw>
<arg>kalle123</arg>
<status status="PASS" start="2025-11-13T15:41:34.070949" elapsed="0.331158"/>
</kw>
<kw name="Click Button" owner="SeleniumLibrary">
<msg time="2025-11-13T15:41:34.402958" level="INFO">Clicking button 'Login'.</msg>
<arg>Login</arg>
<doc>Clicks the button identified by ``locator``.</doc>
<status status="PASS" start="2025-11-13T15:41:34.402590" elapsed="0.733577"/>
</kw>
<kw name="Login Should Succeed">
<kw name="Main Page Should Be Open" owner="resource">
<kw name="Title Should Be" owner="SeleniumLibrary">
<msg time="2025-11-13T15:41:35.201003" level="INFO">Page title is 'Ohtu Application main page'.</msg>
<arg>Ohtu Application main page</arg>
<doc>Verifies that the current page title equals ``title``.</doc>
<status status="PASS" start="2025-11-13T15:41:35.137942" elapsed="0.063243"/>
</kw>
<status status="PASS" start="2025-11-13T15:41:35.137465" elapsed="0.063863"/>
</kw>
<status status="PASS" start="2025-11-13T15:41:35.136828" elapsed="0.064578"/>
</kw>
<status status="PASS" start="2025-11-13T15:41:27.156258" elapsed="8.045762"/>
</test>
<test id="s1-s2-t2" name="Login With Incorrect Password" line="14">
<kw name="Reset Application Create User And Go To Login Page" type="SETUP">
<kw name="Reset Application" owner="AppLibrary">
<status status="PASS" start="2025-11-13T15:41:35.204956" elapsed="2.043863"/>
</kw>
<kw name="Create User" owner="AppLibrary">
<arg>kalle</arg>
<arg>kalle123</arg>
<status status="PASS" start="2025-11-13T15:41:37.249121" elapsed="4.103249"/>
</kw>
<kw name="Go To Login Page" owner="resource">
<kw name="Go To" owner="SeleniumLibrary">
<msg time="2025-11-13T15:41:41.353253" level="INFO">Opening url 'http://localhost:5001/login'</msg>
<arg>${LOGIN_URL}</arg>
<doc>Navigates the current browser window to the provided ``url``.</doc>
<status status="PASS" start="2025-11-13T15:41:41.353059" elapsed="0.103669"/>
</kw>
<status status="PASS" start="2025-11-13T15:41:41.352684" elapsed="0.104387"/>
</kw>
<status status="PASS" start="2025-11-13T15:41:35.204603" elapsed="6.252632"/>
</kw>
<kw name="Set Username">
<kw name="Input Text" owner="SeleniumLibrary">
<msg time="2025-11-13T15:41:41.460913" level="INFO">Typing text 'kalle' into text field 'username'.</msg>
<arg>username</arg>
<arg>${username}</arg>
<doc>Types the given ``text`` into the text field identified by ``locator``.</doc>
<status status="PASS" start="2025-11-13T15:41:41.460261" elapsed="0.263481"/>
</kw>
<arg>kalle</arg>
<status status="PASS" start="2025-11-13T15:41:41.458527" elapsed="0.265426"/>
</kw>
<kw name="Set Password">
<kw name="Input Password" owner="SeleniumLibrary">
<msg time="2025-11-13T15:41:41.726444" level="INFO">Typing password into text field 'password'.</msg>
<msg time="2025-11-13T15:41:41.958125" level="INFO">Temporally setting log level to: NONE</msg>
<arg>password</arg>
<arg>${password}</arg>
<doc>Types the given password into the text field identified by ``locator``.</doc>
<status status="PASS" start="2025-11-13T15:41:41.725334" elapsed="0.376955"/>
</kw>
<arg>kalle456</arg>
<status status="PASS" start="2025-11-13T15:41:41.724652" elapsed="0.377813"/>
</kw>
<kw name="Click Button" owner="SeleniumLibrary">
<msg time="2025-11-13T15:41:42.103299" level="INFO">Clicking button 'Login'.</msg>
<arg>Login</arg>
<doc>Clicks the button identified by ``locator``.</doc>
<status status="PASS" start="2025-11-13T15:41:42.102886" elapsed="0.385341"/>
</kw>
<kw name="Login Should Fail With Message">
<kw name="Login Page Should Be Open" owner="resource">
<kw name="Title Should Be" owner="SeleniumLibrary">
<msg time="2025-11-13T15:41:43.137637" level="INFO">Page title is 'Login'.</msg>
<arg>Login</arg>
<doc>Verifies that the current page title equals ``title``.</doc>
<status status="PASS" start="2025-11-13T15:41:42.490182" elapsed="0.647770"/>
</kw>
<status status="PASS" start="2025-11-13T15:41:42.489698" elapsed="0.648507"/>
</kw>
<kw name="Page Should Contain" owner="SeleniumLibrary">
<msg time="2025-11-13T15:41:43.259555" level="INFO">Current page contains text 'Invalid username or password'.</msg>
<arg>${message}</arg>
<doc>Verifies that current page contains ``text``.</doc>
<status status="PASS" start="2025-11-13T15:41:43.138505" elapsed="0.121293"/>
</kw>
<arg>Invalid username or password</arg>
<status status="PASS" start="2025-11-13T15:41:42.488980" elapsed="0.771181"/>
</kw>
<status status="PASS" start="2025-11-13T15:41:35.203704" elapsed="8.057191"/>
</test>
<test id="s1-s2-t3" name="Login With Nonexistent Username" line="20">
<kw name="Reset Application Create User And Go To Login Page" type="SETUP">
<kw name="Reset Application" owner="AppLibrary">
<status status="PASS" start="2025-11-13T15:41:43.263769" elapsed="2.035356"/>
</kw>
<kw name="Create User" owner="AppLibrary">
<arg>kalle</arg>
<arg>kalle123</arg>
<status status="PASS" start="2025-11-13T15:41:45.299568" elapsed="4.089038"/>
</kw>
<kw name="Go To Login Page" owner="resource">
<kw name="Go To" owner="SeleniumLibrary">
<msg time="2025-11-13T15:41:49.389451" level="INFO">Opening url 'http://localhost:5001/login'</msg>
<arg>${LOGIN_URL}</arg>
<doc>Navigates the current browser window to the provided ``url``.</doc>
<status status="PASS" start="2025-11-13T15:41:49.389263" elapsed="0.107721"/>
</kw>
<status status="PASS" start="2025-11-13T15:41:49.388900" elapsed="0.108291"/>
</kw>
<status status="PASS" start="2025-11-13T15:41:43.263401" elapsed="6.233880"/>
</kw>
<kw name="Set Username">
<kw name="Input Text" owner="SeleniumLibrary">
<msg time="2025-11-13T15:41:49.499040" level="INFO">Typing text 'lohi' into text field 'username'.</msg>
<arg>username</arg>
<arg>${username}</arg>
<doc>Types the given ``text`` into the text field identified by ``locator``.</doc>
<status status="PASS" start="2025-11-13T15:41:49.498628" elapsed="0.263678"/>
</kw>
<arg>lohi</arg>
<status status="PASS" start="2025-11-13T15:41:49.498011" elapsed="0.264504"/>
</kw>
<kw name="Set Password">
<kw name="Input Password" owner="SeleniumLibrary">
<msg time="2025-11-13T15:41:49.764610" level="INFO">Typing password into text field 'password'.</msg>
<msg time="2025-11-13T15:41:49.966153" level="INFO">Temporally setting log level to: NONE</msg>
<arg>password</arg>
<arg>${password}</arg>
<doc>Types the given password into the text field identified by ``locator``.</doc>
<status status="PASS" start="2025-11-13T15:41:49.764100" elapsed="0.374720"/>
</kw>
<arg>lohi123</arg>
<status status="PASS" start="2025-11-13T15:41:49.763155" elapsed="0.375916"/>
</kw>
<kw name="Click Button" owner="SeleniumLibrary">
<msg time="2025-11-13T15:41:50.140509" level="INFO">Clicking button 'Login'.</msg>
<arg>Login</arg>
<doc>Clicks the button identified by ``locator``.</doc>
<status status="PASS" start="2025-11-13T15:41:50.139783" elapsed="0.397980"/>
</kw>
<kw name="Login Should Fail With Message">
<kw name="Login Page Should Be Open" owner="resource">
<kw name="Title Should Be" owner="SeleniumLibrary">
<msg time="2025-11-13T15:41:51.183152" level="INFO">Page title is 'Login'.</msg>
<arg>Login</arg>
<doc>Verifies that the current page title equals ``title``.</doc>
<status status="PASS" start="2025-11-13T15:41:50.540817" elapsed="0.642648"/>
</kw>
<status status="PASS" start="2025-11-13T15:41:50.540435" elapsed="0.643283"/>
</kw>
<kw name="Page Should Contain" owner="SeleniumLibrary">
<msg time="2025-11-13T15:41:51.302051" level="INFO">Current page contains text 'Invalid username or password'.</msg>
<arg>${message}</arg>
<doc>Verifies that current page contains ``text``.</doc>
<status status="PASS" start="2025-11-13T15:41:51.184059" elapsed="0.118188"/>
</kw>
<arg>Invalid username or password</arg>
<status status="PASS" start="2025-11-13T15:41:50.539511" elapsed="0.762921"/>
</kw>
<status status="PASS" start="2025-11-13T15:41:43.262140" elapsed="8.040882"/>
</test>
<kw name="Close Browser" owner="SeleniumLibrary" type="TEARDOWN">
<doc>Closes the current browser.</doc>
<status status="PASS" start="2025-11-13T15:41:51.305051" elapsed="2.191579"/>
</kw>
<status status="PASS" start="2025-11-13T15:41:25.824874" elapsed="27.671978"/>
</suite>
<status status="PASS" start="2025-11-13T15:41:16.184128" elapsed="37.316566"/>
</suite>
<statistics>
<total>
<stat pass="5" fail="0" skip="0">All Tests</stat>
</total>
<tag>
</tag>
<suite>
<stat name="Tests" id="s1" pass="5" fail="0" skip="0">Tests</stat>
<stat name="Home" id="s1-s1" pass="2" fail="0" skip="0">Tests.Home</stat>
<stat name="Login" id="s1-s2" pass="3" fail="0" skip="0">Tests.Login</stat>
</suite>
</statistics>
<errors>
</errors>
</robot>
